<?xml version="1.0" encoding="UTF-8"?>
<!-- Generated by org.testng.reporters.JUnitXMLReporter -->
<testsuite ignored="0" hostname="DESKTOP-NUU7I0H" failures="1" tests="2" name="ChromeTestCases" time="14.506" errors="0" timestamp="28 jul 2018 17:34:03 GMT">
  <testcase classname="tests.TestLogin" name="verifyValidLogin" time="4.696"/>
  <testcase classname="tests.TestLogin" name="verifyValidLogin2" time="2.306">
    <failure type="org.junit.ComparisonFailure" message="expected:&amp;lt;[Jenkins]&amp;gt; but was:&amp;lt;[LucioAmorim]&amp;gt;">
      <![CDATA[org.junit.ComparisonFailure: expected:<[Jenkins]> but was:<[LucioAmorim]>
	at org.junit.Assert.assertEquals(Assert.java:115)
	at org.junit.Assert.assertEquals(Assert.java:144)
	at tests.TestLogin.verifyValidLogin2(TestLogin.java:44)
	at java.base/java.util.concurrent.FutureTask.run(FutureTask.java:264)
	at java.base/java.util.concurrent.ThreadPoolExecutor.runWorker(ThreadPoolExecutor.java:1135)
	at java.base/java.util.concurrent.ThreadPoolExecutor$Worker.run(ThreadPoolExecutor.java:635)
	at java.base/java.lang.Thread.run(Thread.java:844)
... Removed 16 stack frames]]>
    </failure>
  </testcase> <!-- verifyValidLogin2 -->
</testsuite> <!-- ChromeTestCases -->
